<?xml version="1.0" encoding="UTF-8"?>
<!-- Generated by org.testng.reporters.JUnitReportReporter -->
<testsuite hostname="DESKTOP-G1E98JS" failures="0" tests="1" name="testNG_Commands.Commands" time="19.355" errors="0" timestamp="2024-08-19T14:30:27 IST" skipped="0">
  <testcase classname="testNG_Commands.Commands" name="verifyfluentwait" time="19.355"/>
  <system-out/>
</testsuite> <!-- testNG_Commands.Commands -->
