<?xml version="1.0" encoding="UTF-8"?>
<!-- Generated by org.testng.reporters.JUnitReportReporter -->
<testsuite hostname="DESKTOP-G1E98JS" failures="0" tests="2" name="testscripts.HomePageTest" time="5.816" errors="0" timestamp="2024-08-28T14:49:14 IST" skipped="1">
  <testcase classname="testscripts.HomePageTest" name="verify_Homepage_Title" time="5.816"/>
  <system-out/>
  <testcase classname="testscripts.HomePageTest" name="verify_Communitypoll_Selection">
    <skipped/>
  </testcase> <!-- verify_Communitypoll_Selection -->
  <system-out/>
</testsuite> <!-- testscripts.HomePageTest -->
