<?xml version="1.0" encoding="UTF-8"?>
<!-- Generated by org.testng.reporters.JUnitReportReporter -->
<testsuite hostname="DESKTOP-G1E98JS" failures="0" tests="4" name="testscripts.LoginPageTest" time="28.234" errors="0" timestamp="2024-08-28T14:27:33 IST" skipped="0">
  <testcase classname="testscripts.LoginPageTest" name="verify_UserLoginwith_InvalidCredentials" time="4.409"/>
  <system-out/>
  <testcase classname="testscripts.LoginPageTest" name="verify_UserLoginwith_InvalidCredentials" time="4.660"/>
  <system-out/>
  <testcase classname="testscripts.LoginPageTest" name="verify_UserLoginwith_Validcredential" time="14.155"/>
  <system-out/>
  <testcase classname="testscripts.LoginPageTest" name="verify_UserLoginwith_InvalidCredentials" time="5.010"/>
  <system-out/>
</testsuite> <!-- testscripts.LoginPageTest -->
